<?xml version="1.0" encoding="UTF-8"?>
<testsuite name="tracker.SampleTest" tests="1" skipped="0" failures="0" errors="0" timestamp="2022-03-16T13:37:21" hostname="DESKTOP-AFDOQVV" time="0.01">
  <properties/>
  <testcase name="test()" classname="tracker.SampleTest" time="0.01"/>
  <system-out><![CDATA[]]></system-out>
  <system-err><![CDATA[]]></system-err>
</testsuite>
